<?xml version="1.0" encoding="UTF-8"?>
<!-- Generated by org.testng.reporters.JUnitXMLReporter -->
<testsuite ignored="0" hostname="Deepthi-Windows-PC" failures="1" tests="1" name="Test" time="8.102" errors="0" timestamp="2023-12-18T18:49:36 EST">
  <testcase classname="com.recipe.testCases.TC_002_HypoThyroidism" name="hypoThyrodism" time="1.147">
    <failure type="java.io.FileNotFoundException" message=".\TestData\Team7_Scraping_Spatulas_ScrapedRecipes.xlsx (The process cannot access the file because it is being used by another process)">
      <![CDATA[java.io.FileNotFoundException: .\TestData\Team7_Scraping_Spatulas_ScrapedRecipes.xlsx (The process cannot access the file because it is being used by another process)
at java.base/java.io.FileOutputStream.open0(Native Method)
at java.base/java.io.FileOutputStream.open(FileOutputStream.java:289)
at java.base/java.io.FileOutputStream.<init>(FileOutputStream.java:230)
at java.base/java.io.FileOutputStream.<init>(FileOutputStream.java:118)
at com.recipe.utilities.ExcelUtility.setCellData(ExcelUtility.java:105)
at com.recipe.testCases.TC_002_HypoThyroidism.hypoThyrodism(TC_002_HypoThyroidism.java:46)
at java.base/java.util.ArrayList.forEach(ArrayList.java:1596)
... Removed 25 stack frames]]>
    </failure>
  </testcase> <!-- hypoThyrodism -->
</testsuite> <!-- Test -->
