<?xml version="1.0" encoding="UTF-8"?>
<testng-results ignored="0" total="1" passed="1" failed="0" skipped="0">
  <reporter-output>
  </reporter-output>
  <suite started-at="2023-12-13T13:59:52 CST" name="Suite" finished-at="2023-12-13T14:00:08 CST" duration-ms="16757">
    <groups>
    </groups>
    <test started-at="2023-12-13T13:59:52 CST" name="Test" finished-at="2023-12-13T14:00:08 CST" duration-ms="16757">
      <class name="com.recipe.testCases.TC_001_HyperTension">
        <test-method is-config="true" signature="setup(java.lang.String)[pri:0, instance:com.recipe.testCases.TC_001_HyperTension@20deea7f]" started-at="2023-12-13T13:59:52 CST" name="setup" finished-at="2023-12-13T14:00:04 CST" duration-ms="12257" status="PASS">
          <params>
            <param index="0">
              <value>
                <![CDATA[chrome]]>
              </value>
            </param>
          </params>
          <reporter-output>
          </reporter-output>
        </test-method> <!-- setup -->
        <test-method signature="hypertension()[pri:0, instance:com.recipe.testCases.TC_001_HyperTension@20deea7f]" started-at="2023-12-13T14:00:04 CST" name="hypertension" finished-at="2023-12-13T14:00:08 CST" duration-ms="4018" status="PASS">
          <reporter-output>
          </reporter-output>
        </test-method> <!-- hypertension -->
        <test-method is-config="true" signature="tearDown()[pri:0, instance:com.recipe.testCases.TC_001_HyperTension@20deea7f]" started-at="2023-12-13T14:00:08 CST" name="tearDown" finished-at="2023-12-13T14:00:08 CST" duration-ms="438" status="PASS">
          <reporter-output>
          </reporter-output>
        </test-method> <!-- tearDown -->
      </class> <!-- com.recipe.testCases.TC_001_HyperTension -->
    </test> <!-- Test -->
  </suite> <!-- Suite -->
</testng-results>
